mode: atomic
glory-hole/cmd/glory-hole/main.go:35.13,39.18 2 0
glory-hole/cmd/glory-hole/main.go:39.18,45.3 5 0
glory-hole/cmd/glory-hole/main.go:48.2,48.18 1 0
glory-hole/cmd/glory-hole/main.go:48.18,50.3 1 0
glory-hole/cmd/glory-hole/main.go:53.2,54.16 2 0
glory-hole/cmd/glory-hole/main.go:54.16,57.3 2 0
glory-hole/cmd/glory-hole/main.go:60.2,61.16 2 0
glory-hole/cmd/glory-hole/main.go:61.16,64.3 2 0
glory-hole/cmd/glory-hole/main.go:65.2,75.16 5 0
glory-hole/cmd/glory-hole/main.go:75.16,78.3 2 0
glory-hole/cmd/glory-hole/main.go:81.2,82.16 2 0
glory-hole/cmd/glory-hole/main.go:82.16,85.3 2 0
glory-hole/cmd/glory-hole/main.go:88.2,92.29 3 0
glory-hole/cmd/glory-hole/main.go:92.29,97.49 3 0
glory-hole/cmd/glory-hole/main.go:97.49,100.4 1 0
glory-hole/cmd/glory-hole/main.go:100.9,106.4 2 0
glory-hole/cmd/glory-hole/main.go:110.2,110.28 1 0
glory-hole/cmd/glory-hole/main.go:110.28,111.40 1 0
glory-hole/cmd/glory-hole/main.go:111.40,113.4 1 0
glory-hole/cmd/glory-hole/main.go:114.3,114.65 1 0
glory-hole/cmd/glory-hole/main.go:118.2,119.26 2 0
glory-hole/cmd/glory-hole/main.go:119.26,125.17 3 0
glory-hole/cmd/glory-hole/main.go:125.17,128.4 1 0
glory-hole/cmd/glory-hole/main.go:128.9,135.4 2 0
glory-hole/cmd/glory-hole/main.go:139.2,139.67 1 0
glory-hole/cmd/glory-hole/main.go:139.67,143.50 3 0
glory-hole/cmd/glory-hole/main.go:143.50,146.22 2 0
glory-hole/cmd/glory-hole/main.go:147.13,149.28 1 0
glory-hole/cmd/glory-hole/main.go:149.28,151.14 2 0
glory-hole/cmd/glory-hole/main.go:154.5,155.37 2 0
glory-hole/cmd/glory-hole/main.go:155.37,157.38 2 0
glory-hole/cmd/glory-hole/main.go:157.38,159.15 2 0
glory-hole/cmd/glory-hole/main.go:161.6,161.33 1 0
glory-hole/cmd/glory-hole/main.go:164.5,164.22 1 0
glory-hole/cmd/glory-hole/main.go:164.22,166.14 2 0
glory-hole/cmd/glory-hole/main.go:169.5,170.21 2 0
glory-hole/cmd/glory-hole/main.go:170.21,172.6 1 0
glory-hole/cmd/glory-hole/main.go:174.16,176.28 1 0
glory-hole/cmd/glory-hole/main.go:176.28,178.14 2 0
glory-hole/cmd/glory-hole/main.go:181.5,182.37 2 0
glory-hole/cmd/glory-hole/main.go:182.37,184.38 2 0
glory-hole/cmd/glory-hole/main.go:184.38,186.15 2 0
glory-hole/cmd/glory-hole/main.go:188.6,188.34 1 0
glory-hole/cmd/glory-hole/main.go:191.5,191.22 1 0
glory-hole/cmd/glory-hole/main.go:191.22,193.14 2 0
glory-hole/cmd/glory-hole/main.go:196.5,197.21 2 0
glory-hole/cmd/glory-hole/main.go:197.21,199.6 1 0
glory-hole/cmd/glory-hole/main.go:201.17,203.27 1 0
glory-hole/cmd/glory-hole/main.go:203.27,205.14 2 0
glory-hole/cmd/glory-hole/main.go:207.5,207.69 1 0
glory-hole/cmd/glory-hole/main.go:209.12,211.13 2 0
glory-hole/cmd/glory-hole/main.go:215.4,215.21 1 0
glory-hole/cmd/glory-hole/main.go:215.21,217.5 1 0
glory-hole/cmd/glory-hole/main.go:220.4,223.53 2 0
glory-hole/cmd/glory-hole/main.go:223.53,229.13 2 0
glory-hole/cmd/glory-hole/main.go:232.4,236.5 1 0
glory-hole/cmd/glory-hole/main.go:239.3,242.4 2 0
glory-hole/cmd/glory-hole/main.go:246.2,247.53 2 0
glory-hole/cmd/glory-hole/main.go:247.53,251.42 3 0
glory-hole/cmd/glory-hole/main.go:251.42,260.53 2 0
glory-hole/cmd/glory-hole/main.go:260.53,265.13 2 0
glory-hole/cmd/glory-hole/main.go:268.4,272.5 1 0
glory-hole/cmd/glory-hole/main.go:275.3,278.4 2 0
glory-hole/cmd/glory-hole/main.go:282.2,305.12 8 0
glory-hole/cmd/glory-hole/main.go:305.12,306.49 1 0
glory-hole/cmd/glory-hole/main.go:306.49,308.4 1 0
glory-hole/cmd/glory-hole/main.go:312.2,312.12 1 0
glory-hole/cmd/glory-hole/main.go:312.12,313.52 1 0
glory-hole/cmd/glory-hole/main.go:313.52,315.4 1 0
glory-hole/cmd/glory-hole/main.go:318.2,325.9 2 0
glory-hole/cmd/glory-hole/main.go:326.24,335.54 5 0
glory-hole/cmd/glory-hole/main.go:335.54,337.4 1 0
glory-hole/cmd/glory-hole/main.go:340.3,340.57 1 0
glory-hole/cmd/glory-hole/main.go:340.57,342.4 1 0
glory-hole/cmd/glory-hole/main.go:345.3,345.26 1 0
glory-hole/cmd/glory-hole/main.go:345.26,347.4 1 0
glory-hole/cmd/glory-hole/main.go:350.3,350.18 1 0
glory-hole/cmd/glory-hole/main.go:350.18,351.39 1 0
glory-hole/cmd/glory-hole/main.go:351.39,353.5 1 0
glory-hole/cmd/glory-hole/main.go:356.3,356.53 1 0
glory-hole/cmd/glory-hole/main.go:356.53,358.4 1 0
glory-hole/cmd/glory-hole/main.go:360.3,360.40 1 0
glory-hole/cmd/glory-hole/main.go:362.24,364.13 2 0
glory-hole/cmd/glory-hole/main.go:370.57,372.19 1 0
glory-hole/cmd/glory-hole/main.go:372.19,374.17 2 0
glory-hole/cmd/glory-hole/main.go:374.17,377.4 2 0
glory-hole/cmd/glory-hole/main.go:378.3,381.41 2 0
glory-hole/cmd/glory-hole/main.go:381.41,383.4 1 0
glory-hole/cmd/glory-hole/main.go:383.9,383.95 1 0
glory-hole/cmd/glory-hole/main.go:383.95,385.4 1 0
glory-hole/cmd/glory-hole/main.go:389.2,395.16 4 0
glory-hole/cmd/glory-hole/main.go:395.16,398.3 2 0
glory-hole/cmd/glory-hole/main.go:399.2,399.15 1 0
glory-hole/cmd/glory-hole/main.go:399.15,399.40 1 0
glory-hole/cmd/glory-hole/main.go:402.2,402.38 1 0
glory-hole/cmd/glory-hole/main.go:402.38,405.3 2 0
glory-hole/cmd/glory-hole/main.go:407.2,408.10 2 0
glory-hole/pkg/logging/logger.go:19.54,22.20 2 3
glory-hole/pkg/logging/logger.go:23.16,24.21 1 1
glory-hole/pkg/logging/logger.go:25.16,26.21 1 1
glory-hole/pkg/logging/logger.go:27.14,31.17 2 1
glory-hole/pkg/logging/logger.go:31.17,33.4 1 0
glory-hole/pkg/logging/logger.go:34.3,34.13 1 1
glory-hole/pkg/logging/logger.go:35.10,36.21 1 0
glory-hole/pkg/logging/logger.go:40.2,51.20 4 3
glory-hole/pkg/logging/logger.go:52.14,53.46 1 1
glory-hole/pkg/logging/logger.go:54.14,55.46 1 2
glory-hole/pkg/logging/logger.go:56.10,57.46 1 0
glory-hole/pkg/logging/logger.go:60.2,65.8 2 3
glory-hole/pkg/logging/logger.go:69.27,83.2 2 5
glory-hole/pkg/logging/logger.go:86.59,91.2 1 0
glory-hole/pkg/logging/logger.go:94.60,96.27 2 1
glory-hole/pkg/logging/logger.go:96.27,98.3 1 2
glory-hole/pkg/logging/logger.go:99.2,102.3 1 1
glory-hole/pkg/logging/logger.go:106.59,111.2 1 1
glory-hole/pkg/logging/logger.go:114.42,115.15 1 8
glory-hole/pkg/logging/logger.go:116.15,117.25 1 2
glory-hole/pkg/logging/logger.go:118.14,119.24 1 3
glory-hole/pkg/logging/logger.go:120.14,121.24 1 1
glory-hole/pkg/logging/logger.go:122.15,123.25 1 1
glory-hole/pkg/logging/logger.go:124.10,125.24 1 1
glory-hole/pkg/logging/logger.go:132.13,134.2 1 1
glory-hole/pkg/logging/logger.go:137.32,140.2 2 1
glory-hole/pkg/logging/logger.go:143.23,145.2 1 2
glory-hole/pkg/logging/logger.go:150.37,152.2 1 0
glory-hole/pkg/logging/logger.go:155.36,157.2 1 0
glory-hole/pkg/logging/logger.go:160.36,162.2 1 0
glory-hole/pkg/logging/logger.go:165.37,167.2 1 0
glory-hole/pkg/logging/logger.go:170.65,172.2 1 0
glory-hole/pkg/logging/logger.go:175.64,177.2 1 0
glory-hole/pkg/logging/logger.go:180.64,182.2 1 0
glory-hole/pkg/logging/logger.go:185.65,187.2 1 0
glory-hole/pkg/localrecords/records.go:48.28,53.2 1 17
glory-hole/pkg/localrecords/records.go:57.56,58.19 1 274
glory-hole/pkg/localrecords/records.go:58.19,60.3 1 0
glory-hole/pkg/localrecords/records.go:63.2,63.47 1 274
glory-hole/pkg/localrecords/records.go:63.47,65.3 1 0
glory-hole/pkg/localrecords/records.go:68.2,73.21 4 274
glory-hole/pkg/localrecords/records.go:73.21,76.3 1 1
glory-hole/pkg/localrecords/records.go:76.8,79.3 1 273
glory-hole/pkg/localrecords/records.go:81.2,81.12 1 274
glory-hole/pkg/localrecords/records.go:85.76,92.13 5 2
glory-hole/pkg/localrecords/records.go:92.13,94.3 1 1
glory-hole/pkg/localrecords/records.go:97.2,99.28 3 1
glory-hole/pkg/localrecords/records.go:99.28,100.27 1 1
glory-hole/pkg/localrecords/records.go:100.27,102.4 1 0
glory-hole/pkg/localrecords/records.go:102.9,104.4 1 1
glory-hole/pkg/localrecords/records.go:107.2,107.12 1 1
glory-hole/pkg/localrecords/records.go:107.12,109.3 1 0
glory-hole/pkg/localrecords/records.go:111.2,111.24 1 1
glory-hole/pkg/localrecords/records.go:111.24,113.3 1 1
glory-hole/pkg/localrecords/records.go:113.8,115.3 1 0
glory-hole/pkg/localrecords/records.go:117.2,117.12 1 1
glory-hole/pkg/localrecords/records.go:122.67,129.50 4 1018
glory-hole/pkg/localrecords/records.go:129.50,131.3 1 1010
glory-hole/pkg/localrecords/records.go:134.2,134.45 1 8
glory-hole/pkg/localrecords/records.go:138.70,145.50 4 1
glory-hole/pkg/localrecords/records.go:145.50,147.3 1 1
glory-hole/pkg/localrecords/records.go:150.2,150.48 1 0
glory-hole/pkg/localrecords/records.go:155.69,162.50 4 11
glory-hole/pkg/localrecords/records.go:162.50,163.29 1 11
glory-hole/pkg/localrecords/records.go:163.29,164.46 1 11
glory-hole/pkg/localrecords/records.go:164.46,166.5 1 8
glory-hole/pkg/localrecords/records.go:171.2,171.33 1 3
glory-hole/pkg/localrecords/records.go:171.33,172.85 1 0
glory-hole/pkg/localrecords/records.go:172.85,174.4 1 0
glory-hole/pkg/localrecords/records.go:177.2,177.21 1 3
glory-hole/pkg/localrecords/records.go:182.86,183.19 1 4
glory-hole/pkg/localrecords/records.go:183.19,185.3 1 0
glory-hole/pkg/localrecords/records.go:187.2,191.44 4 4
glory-hole/pkg/localrecords/records.go:191.44,193.22 1 11
glory-hole/pkg/localrecords/records.go:193.22,195.4 1 1
glory-hole/pkg/localrecords/records.go:196.3,199.57 2 10
glory-hole/pkg/localrecords/records.go:199.57,200.20 1 7
glory-hole/pkg/localrecords/records.go:200.20,202.5 1 1
glory-hole/pkg/localrecords/records.go:203.4,204.12 2 7
glory-hole/pkg/localrecords/records.go:208.3,208.50 1 3
glory-hole/pkg/localrecords/records.go:208.50,209.20 1 3
glory-hole/pkg/localrecords/records.go:209.20,211.5 1 0
glory-hole/pkg/localrecords/records.go:212.4,212.28 1 3
glory-hole/pkg/localrecords/records.go:215.3,215.53 1 0
glory-hole/pkg/localrecords/records.go:215.53,216.20 1 0
glory-hole/pkg/localrecords/records.go:216.20,218.5 1 0
glory-hole/pkg/localrecords/records.go:219.4,219.28 1 0
glory-hole/pkg/localrecords/records.go:223.3,223.23 1 0
glory-hole/pkg/localrecords/records.go:227.2,227.22 1 0
glory-hole/pkg/localrecords/records.go:231.49,237.44 4 1004
glory-hole/pkg/localrecords/records.go:237.44,239.3 1 1002
glory-hole/pkg/localrecords/records.go:242.2,242.33 1 2
glory-hole/pkg/localrecords/records.go:242.33,243.55 1 0
glory-hole/pkg/localrecords/records.go:243.55,245.4 1 0
glory-hole/pkg/localrecords/records.go:248.2,248.14 1 2
glory-hole/pkg/localrecords/records.go:252.50,258.36 4 1
glory-hole/pkg/localrecords/records.go:258.36,260.3 1 3
glory-hole/pkg/localrecords/records.go:262.2,264.12 2 1
glory-hole/pkg/localrecords/records.go:268.31,273.36 4 5
glory-hole/pkg/localrecords/records.go:273.36,275.3 1 3
glory-hole/pkg/localrecords/records.go:276.2,278.14 2 5
glory-hole/pkg/localrecords/records.go:282.27,288.2 4 1
glory-hole/pkg/localrecords/records.go:292.96,293.33 1 8
glory-hole/pkg/localrecords/records.go:293.33,294.80 1 6
glory-hole/pkg/localrecords/records.go:294.80,295.65 1 3
glory-hole/pkg/localrecords/records.go:295.65,297.5 1 3
glory-hole/pkg/localrecords/records.go:300.2,300.22 1 5
glory-hole/pkg/localrecords/records.go:304.89,308.28 3 1011
glory-hole/pkg/localrecords/records.go:308.28,309.40 1 1011
glory-hole/pkg/localrecords/records.go:309.40,311.17 2 1011
glory-hole/pkg/localrecords/records.go:311.17,313.5 1 1011
glory-hole/pkg/localrecords/records.go:317.2,317.31 1 1011
glory-hole/pkg/localrecords/records.go:321.72,329.2 1 277
glory-hole/pkg/localrecords/records.go:332.56,336.2 3 266
glory-hole/pkg/localrecords/records.go:339.59,343.2 3 1
glory-hole/pkg/localrecords/records.go:346.57,350.2 3 10
glory-hole/pkg/localrecords/records.go:353.44,366.20 2 1
glory-hole/pkg/localrecords/records.go:366.20,369.3 2 1
glory-hole/pkg/localrecords/records.go:371.2,371.14 1 1
glory-hole/pkg/localrecords/records.go:375.39,376.16 1 2
glory-hole/pkg/localrecords/records.go:377.35,378.71 1 1
glory-hole/pkg/localrecords/records.go:379.23,380.69 1 1
glory-hole/pkg/localrecords/records.go:381.10,382.61 1 0
glory-hole/pkg/localrecords/util.go:9.44,13.37 2 2601
glory-hole/pkg/localrecords/util.go:13.37,15.3 1 2312
glory-hole/pkg/localrecords/util.go:17.2,17.15 1 2601
glory-hole/pkg/localrecords/util.go:23.51,28.38 1 6
glory-hole/pkg/localrecords/util.go:28.38,32.61 2 6
glory-hole/pkg/localrecords/util.go:32.61,34.4 1 2
glory-hole/pkg/localrecords/util.go:37.3,44.40 3 4
glory-hole/pkg/localrecords/util.go:48.2,48.26 1 0
glory-hole/pkg/localrecords/util.go:52.48,53.19 1 294
glory-hole/pkg/localrecords/util.go:53.19,55.3 1 1
glory-hole/pkg/localrecords/util.go:58.2,58.25 1 293
glory-hole/pkg/localrecords/util.go:58.25,60.3 1 1
glory-hole/pkg/localrecords/util.go:63.2,63.21 1 292
glory-hole/pkg/localrecords/util.go:64.19,65.27 1 267
glory-hole/pkg/localrecords/util.go:65.27,67.4 1 1
glory-hole/pkg/localrecords/util.go:69.3,69.33 1 266
glory-hole/pkg/localrecords/util.go:69.33,70.23 1 267
glory-hole/pkg/localrecords/util.go:70.23,72.5 1 1
glory-hole/pkg/localrecords/util.go:75.22,76.27 1 4
glory-hole/pkg/localrecords/util.go:76.27,78.4 1 1
glory-hole/pkg/localrecords/util.go:80.3,80.33 1 3
glory-hole/pkg/localrecords/util.go:80.33,81.23 1 3
glory-hole/pkg/localrecords/util.go:81.23,83.5 1 1
glory-hole/pkg/localrecords/util.go:86.23,87.26 1 11
glory-hole/pkg/localrecords/util.go:87.26,89.4 1 1
glory-hole/pkg/localrecords/util.go:91.20,92.26 1 2
glory-hole/pkg/localrecords/util.go:92.26,94.4 1 1
glory-hole/pkg/localrecords/util.go:96.21,97.26 1 3
glory-hole/pkg/localrecords/util.go:97.26,99.4 1 1
glory-hole/pkg/localrecords/util.go:100.3,100.23 1 2
glory-hole/pkg/localrecords/util.go:100.23,102.4 1 1
glory-hole/pkg/localrecords/util.go:104.21,105.26 1 2
glory-hole/pkg/localrecords/util.go:105.26,107.4 1 1
glory-hole/pkg/localrecords/util.go:109.21,110.26 1 2
glory-hole/pkg/localrecords/util.go:110.26,112.4 1 1
glory-hole/pkg/localrecords/util.go:114.10,115.26 1 1
glory-hole/pkg/localrecords/util.go:118.2,118.12 1 281
glory-hole/pkg/localrecords/util.go:122.40,123.39 1 15
glory-hole/pkg/localrecords/util.go:123.39,125.3 1 2
glory-hole/pkg/localrecords/util.go:128.2,129.36 2 13
glory-hole/pkg/localrecords/util.go:129.36,131.3 1 1
glory-hole/pkg/localrecords/util.go:134.2,135.22 2 12
glory-hole/pkg/localrecords/util.go:135.22,137.3 1 0
glory-hole/pkg/localrecords/util.go:139.2,139.31 1 12
glory-hole/pkg/localrecords/util.go:139.31,140.41 1 23
glory-hole/pkg/localrecords/util.go:140.41,142.4 1 2
glory-hole/pkg/localrecords/util.go:145.3,145.51 1 21
glory-hole/pkg/localrecords/util.go:145.51,147.4 1 1
glory-hole/pkg/localrecords/util.go:150.3,150.27 1 20
glory-hole/pkg/localrecords/util.go:150.27,151.56 1 111
glory-hole/pkg/localrecords/util.go:151.56,153.5 1 1
glory-hole/pkg/localrecords/util.go:155.4,155.49 1 110
glory-hole/pkg/localrecords/util.go:155.49,157.5 1 1
glory-hole/pkg/localrecords/util.go:161.2,161.13 1 7
glory-hole/pkg/localrecords/util.go:165.34,167.2 1 143
glory-hole/pkg/localrecords/util.go:170.40,172.15 2 16
glory-hole/pkg/localrecords/util.go:172.15,174.3 1 5
glory-hole/pkg/localrecords/util.go:175.2,175.16 1 11
glory-hole/pkg/localrecords/util.go:179.47,181.28 2 6
glory-hole/pkg/localrecords/util.go:181.28,183.17 2 10
glory-hole/pkg/localrecords/util.go:183.17,185.4 1 2
glory-hole/pkg/localrecords/util.go:186.3,186.30 1 8
glory-hole/pkg/localrecords/util.go:188.2,188.20 1 4
glory-hole/pkg/policy/engine.go:52.26,56.2 1 18
glory-hole/pkg/policy/engine.go:59.44,60.17 1 287
glory-hole/pkg/policy/engine.go:60.17,62.3 1 0
glory-hole/pkg/policy/engine.go:65.2,69.37 1 287
glory-hole/pkg/policy/engine.go:69.37,71.5 1 3
glory-hole/pkg/policy/engine.go:75.37,77.5 1 1
glory-hole/pkg/policy/engine.go:81.37,83.5 1 1
glory-hole/pkg/policy/engine.go:87.37,89.19 2 1
glory-hole/pkg/policy/engine.go:89.19,91.6 1 0
glory-hole/pkg/policy/engine.go:92.5,92.23 1 1
glory-hole/pkg/policy/engine.go:97.37,99.5 1 2
glory-hole/pkg/policy/engine.go:104.37,106.5 1 2
glory-hole/pkg/policy/engine.go:110.37,112.5 1 1
glory-hole/pkg/policy/engine.go:117.37,120.38 3 2
glory-hole/pkg/policy/engine.go:120.38,122.6 1 4
glory-hole/pkg/policy/engine.go:123.5,123.49 1 2
glory-hole/pkg/policy/engine.go:128.37,130.5 1 2
glory-hole/pkg/policy/engine.go:134.37,140.5 1 1
glory-hole/pkg/policy/engine.go:144.2,144.16 1 287
glory-hole/pkg/policy/engine.go:144.16,146.3 1 1
glory-hole/pkg/policy/engine.go:148.2,154.12 5 286
glory-hole/pkg/policy/engine.go:159.54,163.31 3 1022
glory-hole/pkg/policy/engine.go:163.31,164.20 1 1023
glory-hole/pkg/policy/engine.go:164.20,165.12 1 1
glory-hole/pkg/policy/engine.go:169.3,170.17 2 1022
glory-hole/pkg/policy/engine.go:170.17,172.12 1 0
glory-hole/pkg/policy/engine.go:176.3,176.50 1 1022
glory-hole/pkg/policy/engine.go:176.50,178.4 1 1016
glory-hole/pkg/policy/engine.go:181.2,181.19 1 6
glory-hole/pkg/policy/engine.go:185.47,189.31 3 2
glory-hole/pkg/policy/engine.go:189.31,190.24 1 1
glory-hole/pkg/policy/engine.go:190.24,193.4 2 1
glory-hole/pkg/policy/engine.go:196.2,196.14 1 1
glory-hole/pkg/policy/engine.go:200.37,207.2 5 1001
glory-hole/pkg/policy/engine.go:210.30,215.2 3 1007
glory-hole/pkg/policy/engine.go:218.26,223.2 3 14
glory-hole/pkg/policy/engine.go:228.49,233.39 3 9
glory-hole/pkg/policy/engine.go:233.39,235.3 1 6
glory-hole/pkg/policy/engine.go:238.2,238.37 1 3
glory-hole/pkg/policy/engine.go:238.37,242.3 2 1
glory-hole/pkg/policy/engine.go:244.2,244.14 1 2
glory-hole/pkg/policy/engine.go:248.49,250.2 1 5
glory-hole/pkg/policy/engine.go:253.51,255.2 1 5
glory-hole/pkg/policy/engine.go:258.56,260.16 2 7
glory-hole/pkg/policy/engine.go:260.16,262.3 1 1
glory-hole/pkg/policy/engine.go:263.2,263.21 1 6
glory-hole/pkg/policy/engine.go:267.42,268.18 1 8
glory-hole/pkg/policy/engine.go:268.18,270.3 1 1
glory-hole/pkg/policy/engine.go:272.2,273.39 2 7
glory-hole/pkg/policy/engine.go:277.43,279.15 2 9
glory-hole/pkg/policy/engine.go:279.15,281.3 1 1
glory-hole/pkg/policy/engine.go:283.2,284.16 2 8
glory-hole/pkg/policy/engine.go:284.16,286.3 1 1
glory-hole/pkg/policy/engine.go:288.2,288.27 1 7
glory-hole/pkg/policy/engine.go:292.43,296.30 3 8
glory-hole/pkg/policy/engine.go:296.30,298.3 1 2
glory-hole/pkg/policy/engine.go:300.2,300.23 1 6
glory-hole/pkg/policy/engine.go:304.58,306.26 2 8
glory-hole/pkg/policy/engine.go:306.26,307.38 1 10
glory-hole/pkg/policy/engine.go:307.38,309.4 1 5
glory-hole/pkg/policy/engine.go:311.2,311.14 1 3
glory-hole/pkg/policy/engine.go:315.34,317.2 1 9
glory-hole/pkg/policy/engine.go:321.85,327.32 4 11
glory-hole/pkg/policy/engine.go:327.32,329.3 1 8
glory-hole/pkg/policy/engine.go:332.2,332.71 1 3
glory-hole/pkg/policy/engine.go:336.61,350.2 2 1016
glory-hole/pkg/telemetry/telemetry.go:54.104,55.18 1 9
glory-hole/pkg/telemetry/telemetry.go:55.18,63.3 2 2
glory-hole/pkg/telemetry/telemetry.go:65.2,77.16 3 7
glory-hole/pkg/telemetry/telemetry.go:77.16,79.3 1 0
glory-hole/pkg/telemetry/telemetry.go:82.2,82.49 1 7
glory-hole/pkg/telemetry/telemetry.go:82.49,84.3 1 0
glory-hole/pkg/telemetry/telemetry.go:87.2,87.24 1 7
glory-hole/pkg/telemetry/telemetry.go:87.24,88.50 1 0
glory-hole/pkg/telemetry/telemetry.go:88.50,90.4 1 0
glory-hole/pkg/telemetry/telemetry.go:91.8,93.3 1 7
glory-hole/pkg/telemetry/telemetry.go:95.2,102.15 2 7
glory-hole/pkg/telemetry/telemetry.go:106.85,107.29 1 7
glory-hole/pkg/telemetry/telemetry.go:107.29,110.17 2 2
glory-hole/pkg/telemetry/telemetry.go:110.17,112.4 1 0
glory-hole/pkg/telemetry/telemetry.go:115.3,124.51 4 2
glory-hole/pkg/telemetry/telemetry.go:124.51,126.4 1 0
glory-hole/pkg/telemetry/telemetry.go:128.3,128.76 1 2
glory-hole/pkg/telemetry/telemetry.go:129.8,131.3 1 5
glory-hole/pkg/telemetry/telemetry.go:133.2,133.12 1 7
glory-hole/pkg/telemetry/telemetry.go:137.85,145.2 4 0
glory-hole/pkg/telemetry/telemetry.go:148.51,150.74 2 2
glory-hole/pkg/telemetry/telemetry.go:150.75,153.3 0 0
glory-hole/pkg/telemetry/telemetry.go:155.2,161.12 2 2
glory-hole/pkg/telemetry/telemetry.go:161.12,162.92 1 2
glory-hole/pkg/telemetry/telemetry.go:162.92,164.4 1 0
glory-hole/pkg/telemetry/telemetry.go:167.2,167.12 1 2
glory-hole/pkg/telemetry/telemetry.go:171.53,179.16 3 3
glory-hole/pkg/telemetry/telemetry.go:179.16,181.3 1 0
glory-hole/pkg/telemetry/telemetry.go:183.2,187.16 2 3
glory-hole/pkg/telemetry/telemetry.go:187.16,189.3 1 0
glory-hole/pkg/telemetry/telemetry.go:191.2,196.16 2 3
glory-hole/pkg/telemetry/telemetry.go:196.16,198.3 1 0
glory-hole/pkg/telemetry/telemetry.go:200.2,204.16 2 3
glory-hole/pkg/telemetry/telemetry.go:204.16,206.3 1 0
glory-hole/pkg/telemetry/telemetry.go:208.2,212.16 2 3
glory-hole/pkg/telemetry/telemetry.go:212.16,214.3 1 0
glory-hole/pkg/telemetry/telemetry.go:216.2,220.16 2 3
glory-hole/pkg/telemetry/telemetry.go:220.16,222.3 1 0
glory-hole/pkg/telemetry/telemetry.go:224.2,228.16 2 3
glory-hole/pkg/telemetry/telemetry.go:228.16,230.3 1 0
glory-hole/pkg/telemetry/telemetry.go:232.2,236.16 2 3
glory-hole/pkg/telemetry/telemetry.go:236.16,238.3 1 0
glory-hole/pkg/telemetry/telemetry.go:240.2,244.16 2 3
glory-hole/pkg/telemetry/telemetry.go:244.16,246.3 1 0
glory-hole/pkg/telemetry/telemetry.go:248.2,252.16 2 3
glory-hole/pkg/telemetry/telemetry.go:252.16,254.3 1 0
glory-hole/pkg/telemetry/telemetry.go:256.2,260.16 2 3
glory-hole/pkg/telemetry/telemetry.go:260.16,262.3 1 0
glory-hole/pkg/telemetry/telemetry.go:264.2,268.16 2 3
glory-hole/pkg/telemetry/telemetry.go:268.16,270.3 1 0
glory-hole/pkg/telemetry/telemetry.go:272.2,285.8 1 3
glory-hole/pkg/telemetry/telemetry.go:289.58,291.2 1 2
glory-hole/pkg/telemetry/telemetry.go:294.59,296.2 1 2
glory-hole/pkg/telemetry/telemetry.go:299.57,303.31 2 6
glory-hole/pkg/telemetry/telemetry.go:303.31,304.58 1 2
glory-hole/pkg/telemetry/telemetry.go:304.58,306.4 1 0
glory-hole/pkg/telemetry/telemetry.go:310.2,310.68 1 6
glory-hole/pkg/telemetry/telemetry.go:310.68,311.48 1 2
glory-hole/pkg/telemetry/telemetry.go:311.48,313.4 1 0
glory-hole/pkg/telemetry/telemetry.go:316.2,316.19 1 6
glory-hole/pkg/telemetry/telemetry.go:316.19,318.3 1 0
glory-hole/pkg/telemetry/telemetry.go:320.2,321.12 2 6
glory-hole/pkg/api/api.go:43.31,44.23 1 36
glory-hole/pkg/api/api.go:44.23,46.3 1 8
glory-hole/pkg/api/api.go:49.2,49.40 1 36
glory-hole/pkg/api/api.go:49.40,51.3 1 0
glory-hole/pkg/api/api.go:53.2,99.48 22 36
glory-hole/pkg/api/api.go:99.48,101.3 1 36
glory-hole/pkg/api/api.go:101.8,103.3 1 0
glory-hole/pkg/api/api.go:106.2,118.10 5 36
glory-hole/pkg/api/api.go:122.51,126.12 3 1
glory-hole/pkg/api/api.go:126.12,127.86 1 1
glory-hole/pkg/api/api.go:127.86,129.4 1 0
glory-hole/pkg/api/api.go:133.2,133.9 1 1
glory-hole/pkg/api/api.go:134.20,135.42 1 1
glory-hole/pkg/api/api.go:136.24,137.13 1 0
glory-hole/pkg/api/api.go:142.54,145.2 2 1
glory-hole/pkg/api/api.go:148.85,152.56 3 32
glory-hole/pkg/api/api.go:152.56,154.3 1 1
glory-hole/pkg/api/api.go:158.84,164.2 1 15
glory-hole/pkg/api/api.go:167.75,168.13 1 6
glory-hole/pkg/api/api.go:168.13,170.3 1 2
glory-hole/pkg/api/api.go:172.2,173.16 2 4
glory-hole/pkg/api/api.go:173.16,175.3 1 1
glory-hole/pkg/api/api.go:177.2,177.10 1 3
glory-hole/pkg/api/api.go:181.37,188.15 5 5
glory-hole/pkg/api/api.go:188.15,190.3 1 1
glory-hole/pkg/api/api.go:191.2,191.17 1 4
glory-hole/pkg/api/api.go:191.17,193.3 1 1
glory-hole/pkg/api/api.go:194.2,194.36 1 3
glory-hole/pkg/api/handlers.go:16.71,17.32 1 2
glory-hole/pkg/api/handlers.go:17.32,20.3 2 1
glory-hole/pkg/api/handlers.go:22.2,28.41 2 1
glory-hole/pkg/api/handlers.go:33.72,34.32 1 0
glory-hole/pkg/api/handlers.go:34.32,37.3 2 0
glory-hole/pkg/api/handlers.go:40.2,44.41 2 0
glory-hole/pkg/api/handlers.go:49.71,50.32 1 0
glory-hole/pkg/api/handlers.go:50.32,53.3 2 0
glory-hole/pkg/api/handlers.go:56.2,60.22 3 0
glory-hole/pkg/api/handlers.go:60.22,66.87 3 0
glory-hole/pkg/api/handlers.go:66.87,69.4 1 0
glory-hole/pkg/api/handlers.go:69.9,71.4 1 0
glory-hole/pkg/api/handlers.go:72.8,74.3 1 0
glory-hole/pkg/api/handlers.go:77.2,77.31 1 0
glory-hole/pkg/api/handlers.go:77.31,78.36 1 0
glory-hole/pkg/api/handlers.go:78.36,80.4 1 0
glory-hole/pkg/api/handlers.go:80.9,83.4 1 0
glory-hole/pkg/api/handlers.go:84.8,86.3 1 0
glory-hole/pkg/api/handlers.go:89.2,89.27 1 0
glory-hole/pkg/api/handlers.go:89.27,91.3 1 0
glory-hole/pkg/api/handlers.go:91.8,93.3 1 0
glory-hole/pkg/api/handlers.go:95.2,98.12 3 0
glory-hole/pkg/api/handlers.go:98.12,101.3 2 0
glory-hole/pkg/api/handlers.go:103.2,108.38 2 0
glory-hole/pkg/api/handlers.go:112.70,113.32 1 3
glory-hole/pkg/api/handlers.go:113.32,116.3 2 0
glory-hole/pkg/api/handlers.go:119.2,119.22 1 3
glory-hole/pkg/api/handlers.go:119.22,122.3 2 1
glory-hole/pkg/api/handlers.go:125.2,134.16 7 2
glory-hole/pkg/api/handlers.go:134.16,138.3 3 0
glory-hole/pkg/api/handlers.go:140.2,151.41 2 2
glory-hole/pkg/api/handlers.go:155.72,156.32 1 2
glory-hole/pkg/api/handlers.go:156.32,159.3 2 0
glory-hole/pkg/api/handlers.go:162.2,162.22 1 2
glory-hole/pkg/api/handlers.go:162.22,165.3 2 0
glory-hole/pkg/api/handlers.go:168.2,170.22 3 2
glory-hole/pkg/api/handlers.go:170.22,171.75 1 2
glory-hole/pkg/api/handlers.go:171.75,173.4 1 2
glory-hole/pkg/api/handlers.go:176.2,178.23 3 2
glory-hole/pkg/api/handlers.go:178.23,179.64 1 0
glory-hole/pkg/api/handlers.go:179.64,181.4 1 0
glory-hole/pkg/api/handlers.go:185.2,189.16 4 2
glory-hole/pkg/api/handlers.go:189.16,193.3 3 0
glory-hole/pkg/api/handlers.go:196.2,197.28 2 2
glory-hole/pkg/api/handlers.go:197.28,199.3 1 4
glory-hole/pkg/api/handlers.go:201.2,208.41 2 2
glory-hole/pkg/api/handlers.go:212.75,213.32 1 3
glory-hole/pkg/api/handlers.go:213.32,216.3 2 0
glory-hole/pkg/api/handlers.go:219.2,219.22 1 3
glory-hole/pkg/api/handlers.go:219.22,222.3 2 0
glory-hole/pkg/api/handlers.go:225.2,227.22 3 3
glory-hole/pkg/api/handlers.go:227.22,228.74 1 3
glory-hole/pkg/api/handlers.go:228.74,230.4 1 3
glory-hole/pkg/api/handlers.go:233.2,235.28 3 3
glory-hole/pkg/api/handlers.go:235.28,237.3 1 2
glory-hole/pkg/api/handlers.go:240.2,244.16 4 3
glory-hole/pkg/api/handlers.go:244.16,248.3 3 0
glory-hole/pkg/api/handlers.go:251.2,252.28 2 3
glory-hole/pkg/api/handlers.go:252.28,254.3 1 6
glory-hole/pkg/api/handlers.go:256.2,261.41 2 3
glory-hole/pkg/api/handlers.go:265.80,266.33 1 1
glory-hole/pkg/api/handlers.go:266.33,269.3 2 0
glory-hole/pkg/api/handlers.go:272.2,272.31 1 1
glory-hole/pkg/api/handlers.go:272.31,275.3 2 1
glory-hole/pkg/api/handlers.go:278.2,281.55 3 0
glory-hole/pkg/api/handlers.go:281.55,285.3 3 0
glory-hole/pkg/api/handlers.go:287.2,295.41 3 0
glory-hole/pkg/api/handlers_policy.go:39.76,40.27 1 3
glory-hole/pkg/api/handlers_policy.go:40.27,43.3 2 1
glory-hole/pkg/api/handlers_policy.go:45.2,48.29 3 2
glory-hole/pkg/api/handlers_policy.go:48.29,57.3 1 3
glory-hole/pkg/api/handlers_policy.go:60.2,60.83 1 2
glory-hole/pkg/api/handlers_policy.go:60.83,68.85 2 0
glory-hole/pkg/api/handlers_policy.go:68.85,71.4 2 0
glory-hole/pkg/api/handlers_policy.go:72.3,72.9 1 0
glory-hole/pkg/api/handlers_policy.go:76.2,79.4 1 2
glory-hole/pkg/api/handlers_policy.go:83.74,84.27 1 4
glory-hole/pkg/api/handlers_policy.go:84.27,87.3 2 1
glory-hole/pkg/api/handlers_policy.go:89.2,91.16 3 3
glory-hole/pkg/api/handlers_policy.go:91.16,94.3 2 1
glory-hole/pkg/api/handlers_policy.go:96.2,97.32 2 2
glory-hole/pkg/api/handlers_policy.go:97.32,100.3 2 1
glory-hole/pkg/api/handlers_policy.go:102.2,110.4 2 1
glory-hole/pkg/api/handlers_policy.go:114.74,115.27 1 6
glory-hole/pkg/api/handlers_policy.go:115.27,118.3 2 1
glory-hole/pkg/api/handlers_policy.go:121.2,122.16 2 5
glory-hole/pkg/api/handlers_policy.go:122.16,125.3 2 0
glory-hole/pkg/api/handlers_policy.go:126.2,126.15 1 5
glory-hole/pkg/api/handlers_policy.go:126.15,126.37 1 5
glory-hole/pkg/api/handlers_policy.go:128.2,129.51 2 5
glory-hole/pkg/api/handlers_policy.go:129.51,132.3 2 0
glory-hole/pkg/api/handlers_policy.go:135.2,135.20 1 5
glory-hole/pkg/api/handlers_policy.go:135.20,138.3 2 1
glory-hole/pkg/api/handlers_policy.go:139.2,139.21 1 4
glory-hole/pkg/api/handlers_policy.go:139.21,142.3 2 0
glory-hole/pkg/api/handlers_policy.go:143.2,143.22 1 4
glory-hole/pkg/api/handlers_policy.go:143.22,146.3 2 0
glory-hole/pkg/api/handlers_policy.go:149.2,149.113 1 4
glory-hole/pkg/api/handlers_policy.go:149.113,152.3 2 1
glory-hole/pkg/api/handlers_policy.go:155.2,155.65 1 3
glory-hole/pkg/api/handlers_policy.go:155.65,158.3 2 1
glory-hole/pkg/api/handlers_policy.go:161.2,169.53 2 2
glory-hole/pkg/api/handlers_policy.go:169.53,172.3 2 0
glory-hole/pkg/api/handlers_policy.go:174.2,190.4 4 2
glory-hole/pkg/api/handlers_policy.go:194.77,195.27 1 4
glory-hole/pkg/api/handlers_policy.go:195.27,198.3 2 1
glory-hole/pkg/api/handlers_policy.go:200.2,202.16 3 3
glory-hole/pkg/api/handlers_policy.go:202.16,205.3 2 0
glory-hole/pkg/api/handlers_policy.go:208.2,209.32 2 3
glory-hole/pkg/api/handlers_policy.go:209.32,212.3 2 1
glory-hole/pkg/api/handlers_policy.go:214.2,218.16 3 2
glory-hole/pkg/api/handlers_policy.go:218.16,221.3 2 0
glory-hole/pkg/api/handlers_policy.go:222.2,222.15 1 2
glory-hole/pkg/api/handlers_policy.go:222.15,222.37 1 2
glory-hole/pkg/api/handlers_policy.go:224.2,225.51 2 2
glory-hole/pkg/api/handlers_policy.go:225.51,228.3 2 0
glory-hole/pkg/api/handlers_policy.go:231.2,231.20 1 2
glory-hole/pkg/api/handlers_policy.go:231.20,234.3 2 0
glory-hole/pkg/api/handlers_policy.go:235.2,235.21 1 2
glory-hole/pkg/api/handlers_policy.go:235.21,238.3 2 0
glory-hole/pkg/api/handlers_policy.go:239.2,239.22 1 2
glory-hole/pkg/api/handlers_policy.go:239.22,242.3 2 0
glory-hole/pkg/api/handlers_policy.go:245.2,245.113 1 2
glory-hole/pkg/api/handlers_policy.go:245.113,248.3 2 0
glory-hole/pkg/api/handlers_policy.go:251.2,251.65 1 2
glory-hole/pkg/api/handlers_policy.go:251.65,254.3 2 0
glory-hole/pkg/api/handlers_policy.go:258.2,268.56 3 2
glory-hole/pkg/api/handlers_policy.go:268.56,273.3 3 0
glory-hole/pkg/api/handlers_policy.go:275.2,287.4 2 2
glory-hole/pkg/api/handlers_policy.go:291.77,292.27 1 3
glory-hole/pkg/api/handlers_policy.go:292.27,295.3 2 1
glory-hole/pkg/api/handlers_policy.go:297.2,299.16 3 2
glory-hole/pkg/api/handlers_policy.go:299.16,302.3 2 0
glory-hole/pkg/api/handlers_policy.go:305.2,306.32 2 2
glory-hole/pkg/api/handlers_policy.go:306.32,309.3 2 1
glory-hole/pkg/api/handlers_policy.go:311.2,314.43 2 1
glory-hole/pkg/api/handlers_policy.go:314.43,317.3 2 0
glory-hole/pkg/api/handlers_policy.go:319.2,327.4 2 1
glory-hole/pkg/api/middleware.go:9.65,10.71 1 37
glory-hole/pkg/api/middleware.go:10.71,18.28 4 2
glory-hole/pkg/api/middleware.go:18.28,21.4 2 2
glory-hole/pkg/api/middleware.go:23.3,23.23 1 0
glory-hole/pkg/api/middleware.go:28.68,29.71 1 41
glory-hole/pkg/api/middleware.go:29.71,46.3 5 5
glory-hole/pkg/api/middleware.go:55.49,58.2 2 6
glory-hole/pkg/api/responses.go:89.57,102.2 1 4
glory-hole/pkg/api/responses.go:105.69,111.2 1 6
glory-hole/pkg/api/ui_handlers.go:24.28,28.16 3 36
glory-hole/pkg/api/ui_handlers.go:28.16,30.3 1 0
glory-hole/pkg/api/ui_handlers.go:33.2,34.34 1 36
glory-hole/pkg/api/ui_handlers.go:34.34,36.4 1 0
glory-hole/pkg/api/ui_handlers.go:37.38,40.4 2 0
glory-hole/pkg/api/ui_handlers.go:41.29,43.4 1 0
glory-hole/pkg/api/ui_handlers.go:46.2,47.12 2 36
glory-hole/pkg/api/ui_handlers.go:51.45,53.16 2 36
glory-hole/pkg/api/ui_handlers.go:53.16,55.3 1 0
glory-hole/pkg/api/ui_handlers.go:56.2,56.34 1 36
glory-hole/pkg/api/ui_handlers.go:60.74,61.32 1 0
glory-hole/pkg/api/ui_handlers.go:61.32,64.3 2 0
glory-hole/pkg/api/ui_handlers.go:66.2,74.77 2 0
glory-hole/pkg/api/ui_handlers.go:74.77,78.3 3 0
glory-hole/pkg/api/ui_handlers.go:82.76,83.32 1 0
glory-hole/pkg/api/ui_handlers.go:83.32,86.3 2 0
glory-hole/pkg/api/ui_handlers.go:88.2,94.75 2 0
glory-hole/pkg/api/ui_handlers.go:94.75,98.3 3 0
glory-hole/pkg/api/ui_handlers.go:102.77,103.32 1 0
glory-hole/pkg/api/ui_handlers.go:103.32,106.3 2 0
glory-hole/pkg/api/ui_handlers.go:109.2,112.22 3 0
glory-hole/pkg/api/ui_handlers.go:112.22,114.17 2 0
glory-hole/pkg/api/ui_handlers.go:114.17,125.4 1 0
glory-hole/pkg/api/ui_handlers.go:128.2,128.82 1 0
glory-hole/pkg/api/ui_handlers.go:128.82,132.3 3 0
glory-hole/pkg/api/ui_handlers.go:136.77,137.32 1 0
glory-hole/pkg/api/ui_handlers.go:137.32,140.3 2 0
glory-hole/pkg/api/ui_handlers.go:142.2,148.76 2 0
glory-hole/pkg/api/ui_handlers.go:148.76,152.3 3 0
glory-hole/pkg/api/ui_handlers.go:156.77,157.32 1 0
glory-hole/pkg/api/ui_handlers.go:157.32,160.3 2 0
glory-hole/pkg/api/ui_handlers.go:162.2,168.76 2 0
glory-hole/pkg/api/ui_handlers.go:168.76,172.3 3 0
glory-hole/pkg/api/ui_handlers.go:176.82,177.32 1 0
glory-hole/pkg/api/ui_handlers.go:177.32,180.3 2 0
glory-hole/pkg/api/ui_handlers.go:183.2,185.22 3 0
glory-hole/pkg/api/ui_handlers.go:185.22,186.74 1 0
glory-hole/pkg/api/ui_handlers.go:186.74,188.4 1 0
glory-hole/pkg/api/ui_handlers.go:191.2,205.22 6 0
glory-hole/pkg/api/ui_handlers.go:205.22,207.39 2 0
glory-hole/pkg/api/ui_handlers.go:207.39,209.32 2 0
glory-hole/pkg/api/ui_handlers.go:209.32,216.5 2 0
glory-hole/pkg/api/ui_handlers.go:220.2,226.87 2 0
glory-hole/pkg/api/ui_handlers.go:226.87,230.3 3 0
glory-hole/pkg/api/ui_handlers.go:234.79,235.32 1 0
glory-hole/pkg/api/ui_handlers.go:235.32,238.3 2 0
glory-hole/pkg/api/ui_handlers.go:241.2,243.22 3 0
glory-hole/pkg/api/ui_handlers.go:243.22,244.75 1 0
glory-hole/pkg/api/ui_handlers.go:244.75,246.4 1 0
glory-hole/pkg/api/ui_handlers.go:250.2,263.22 3 0
glory-hole/pkg/api/ui_handlers.go:263.22,265.17 2 0
glory-hole/pkg/api/ui_handlers.go:265.17,266.32 1 0
glory-hole/pkg/api/ui_handlers.go:266.32,276.5 1 0
glory-hole/pkg/api/ui_handlers.go:280.2,286.83 2 0
glory-hole/pkg/api/ui_handlers.go:286.83,290.3 3 0
glory-hole/pkg/config/config.go:136.41,140.16 2 8
glory-hole/pkg/config/config.go:140.16,142.3 1 2
glory-hole/pkg/config/config.go:145.2,146.51 2 6
glory-hole/pkg/config/config.go:146.51,148.3 1 0
glory-hole/pkg/config/config.go:151.2,154.39 2 6
glory-hole/pkg/config/config.go:154.39,156.3 1 0
glory-hole/pkg/config/config.go:158.2,158.18 1 6
glory-hole/pkg/config/config.go:162.33,166.2 3 1
glory-hole/pkg/config/config.go:169.34,171.34 1 7
glory-hole/pkg/config/config.go:171.34,173.3 1 1
glory-hole/pkg/config/config.go:174.2,174.50 1 7
glory-hole/pkg/config/config.go:174.50,177.3 2 3
glory-hole/pkg/config/config.go:178.2,178.33 1 7
glory-hole/pkg/config/config.go:178.33,180.3 1 7
glory-hole/pkg/config/config.go:183.2,183.36 1 7
glory-hole/pkg/config/config.go:183.36,188.3 1 1
glory-hole/pkg/config/config.go:191.2,191.27 1 7
glory-hole/pkg/config/config.go:191.27,193.3 1 7
glory-hole/pkg/config/config.go:196.2,196.30 1 7
glory-hole/pkg/config/config.go:196.30,198.3 1 7
glory-hole/pkg/config/config.go:199.2,199.34 1 7
glory-hole/pkg/config/config.go:199.34,201.3 1 7
glory-hole/pkg/config/config.go:202.2,202.40 1 7
glory-hole/pkg/config/config.go:202.40,204.3 1 7
glory-hole/pkg/config/config.go:205.2,205.38 1 7
glory-hole/pkg/config/config.go:205.38,207.3 1 7
glory-hole/pkg/config/config.go:208.2,208.32 1 7
glory-hole/pkg/config/config.go:208.32,210.3 1 7
glory-hole/pkg/config/config.go:211.2,211.35 1 7
glory-hole/pkg/config/config.go:211.35,213.3 1 7
glory-hole/pkg/config/config.go:214.2,214.31 1 7
glory-hole/pkg/config/config.go:214.31,216.3 1 7
glory-hole/pkg/config/config.go:217.2,217.35 1 7
glory-hole/pkg/config/config.go:217.35,219.3 1 7
glory-hole/pkg/config/config.go:220.2,220.52 1 7
glory-hole/pkg/config/config.go:220.52,222.3 1 7
glory-hole/pkg/config/config.go:224.2,227.29 2 7
glory-hole/pkg/config/config.go:227.29,229.3 1 7
glory-hole/pkg/config/config.go:230.2,230.25 1 7
glory-hole/pkg/config/config.go:230.25,232.3 1 7
glory-hole/pkg/config/config.go:233.2,233.25 1 7
glory-hole/pkg/config/config.go:233.25,235.3 1 7
glory-hole/pkg/config/config.go:236.2,236.30 1 7
glory-hole/pkg/config/config.go:236.30,238.3 1 7
glory-hole/pkg/config/config.go:241.2,241.27 1 7
glory-hole/pkg/config/config.go:241.27,243.3 1 1
glory-hole/pkg/config/config.go:244.2,244.28 1 7
glory-hole/pkg/config/config.go:244.28,246.3 1 3
glory-hole/pkg/config/config.go:247.2,247.28 1 7
glory-hole/pkg/config/config.go:247.28,249.3 1 7
glory-hole/pkg/config/config.go:250.2,250.28 1 7
glory-hole/pkg/config/config.go:250.28,252.3 1 7
glory-hole/pkg/config/config.go:253.2,253.31 1 7
glory-hole/pkg/config/config.go:253.31,255.3 1 7
glory-hole/pkg/config/config.go:256.2,256.27 1 7
glory-hole/pkg/config/config.go:256.27,258.3 1 7
glory-hole/pkg/config/config.go:261.2,261.35 1 7
glory-hole/pkg/config/config.go:261.35,263.3 1 7
glory-hole/pkg/config/config.go:264.2,264.38 1 7
glory-hole/pkg/config/config.go:264.38,266.3 1 7
glory-hole/pkg/config/config.go:267.2,267.37 1 7
glory-hole/pkg/config/config.go:267.37,269.3 1 7
glory-hole/pkg/config/config.go:273.35,275.34 1 11
glory-hole/pkg/config/config.go:275.34,277.3 1 1
glory-hole/pkg/config/config.go:278.2,278.50 1 10
glory-hole/pkg/config/config.go:278.50,280.3 1 0
glory-hole/pkg/config/config.go:283.2,283.36 1 10
glory-hole/pkg/config/config.go:283.36,285.3 1 1
glory-hole/pkg/config/config.go:288.2,294.35 2 9
glory-hole/pkg/config/config.go:294.35,296.3 1 1
glory-hole/pkg/config/config.go:299.2,299.62 1 8
glory-hole/pkg/config/config.go:299.62,301.3 1 0
glory-hole/pkg/config/config.go:304.2,309.37 2 8
glory-hole/pkg/config/config.go:309.37,311.3 1 0
glory-hole/pkg/config/config.go:312.2,312.60 1 8
glory-hole/pkg/config/config.go:312.60,314.3 1 1
glory-hole/pkg/config/config.go:316.2,316.12 1 7
glory-hole/pkg/config/watcher.go:24.69,27.16 2 5
glory-hole/pkg/config/watcher.go:27.16,29.3 1 1
glory-hole/pkg/config/watcher.go:32.2,33.16 2 4
glory-hole/pkg/config/watcher.go:33.16,35.3 1 0
glory-hole/pkg/config/watcher.go:38.2,38.42 1 4
glory-hole/pkg/config/watcher.go:38.42,41.3 2 0
glory-hole/pkg/config/watcher.go:43.2,50.15 2 4
glory-hole/pkg/config/watcher.go:54.36,58.2 3 1004
glory-hole/pkg/config/watcher.go:61.46,63.2 1 1
glory-hole/pkg/config/watcher.go:66.52,74.6 5 1
glory-hole/pkg/config/watcher.go:74.6,75.10 1 4
glory-hole/pkg/config/watcher.go:76.21,78.28 2 1
glory-hole/pkg/config/watcher.go:80.40,81.11 1 2
glory-hole/pkg/config/watcher.go:81.11,83.5 1 0
glory-hole/pkg/config/watcher.go:86.4,86.54 1 2
glory-hole/pkg/config/watcher.go:86.54,89.5 1 2
glory-hole/pkg/config/watcher.go:91.38,92.11 1 0
glory-hole/pkg/config/watcher.go:92.11,94.5 1 0
glory-hole/pkg/config/watcher.go:95.4,95.56 1 0
glory-hole/pkg/config/watcher.go:97.26,99.37 1 1
glory-hole/pkg/config/watcher.go:99.37,101.5 1 0
glory-hole/pkg/config/watcher.go:101.10,103.26 2 1
glory-hole/pkg/config/watcher.go:103.26,105.6 1 1
glory-hole/pkg/config/watcher.go:112.34,115.16 2 1
glory-hole/pkg/config/watcher.go:115.16,117.3 1 0
glory-hole/pkg/config/watcher.go:120.2,124.12 4 1
glory-hole/pkg/config/watcher.go:128.33,129.22 1 5
glory-hole/pkg/config/watcher.go:129.22,131.3 1 5
glory-hole/pkg/config/watcher.go:132.2,132.12 1 0
glory-hole/pkg/storage/d1_stub.go:4.49,6.2 1 0
glory-hole/pkg/storage/factory.go:11.40,12.16 1 2
glory-hole/pkg/storage/factory.go:12.16,15.3 2 0
glory-hole/pkg/storage/factory.go:18.2,18.39 1 2
glory-hole/pkg/storage/factory.go:18.39,20.3 1 1
glory-hole/pkg/storage/factory.go:23.2,23.18 1 1
glory-hole/pkg/storage/factory.go:23.18,25.3 1 1
glory-hole/pkg/storage/factory.go:28.2,28.21 1 0
glory-hole/pkg/storage/factory.go:29.21,30.31 1 0
glory-hole/pkg/storage/factory.go:31.17,32.27 1 0
glory-hole/pkg/storage/factory.go:33.10,34.67 1 0
glory-hole/pkg/storage/factory.go:43.36,45.2 1 2
glory-hole/pkg/storage/factory.go:48.76,50.2 1 1
glory-hole/pkg/storage/factory.go:53.93,55.2 1 1
glory-hole/pkg/storage/factory.go:58.110,60.2 1 1
glory-hole/pkg/storage/factory.go:63.114,65.2 1 1
glory-hole/pkg/storage/factory.go:68.96,73.2 1 1
glory-hole/pkg/storage/factory.go:76.107,78.2 1 1
glory-hole/pkg/storage/factory.go:81.92,83.2 1 1
glory-hole/pkg/storage/factory.go:86.90,88.2 1 1
glory-hole/pkg/storage/factory.go:91.79,93.2 1 1
glory-hole/pkg/storage/factory.go:96.37,98.2 1 1
glory-hole/pkg/storage/factory.go:101.55,103.2 1 1
glory-hole/pkg/storage/sqlite.go:33.53,34.16 1 13
glory-hole/pkg/storage/sqlite.go:34.16,36.3 1 0
glory-hole/pkg/storage/sqlite.go:39.2,40.16 2 13
glory-hole/pkg/storage/sqlite.go:40.16,42.3 1 0
glory-hole/pkg/storage/sqlite.go:45.2,50.34 4 13
glory-hole/pkg/storage/sqlite.go:50.34,53.3 2 0
glory-hole/pkg/storage/sqlite.go:56.2,64.24 2 13
glory-hole/pkg/storage/sqlite.go:64.24,66.3 1 2
glory-hole/pkg/storage/sqlite.go:68.2,68.33 1 13
glory-hole/pkg/storage/sqlite.go:68.33,69.44 1 67
glory-hole/pkg/storage/sqlite.go:69.44,72.4 2 0
glory-hole/pkg/storage/sqlite.go:76.2,76.44 1 13
glory-hole/pkg/storage/sqlite.go:76.44,79.3 2 0
glory-hole/pkg/storage/sqlite.go:82.2,87.16 2 13
glory-hole/pkg/storage/sqlite.go:87.16,90.3 2 0
glory-hole/pkg/storage/sqlite.go:92.2,103.21 4 13
glory-hole/pkg/storage/sqlite.go:107.40,111.26 3 13
glory-hole/pkg/storage/sqlite.go:111.26,113.51 1 12
glory-hole/pkg/storage/sqlite.go:113.51,115.4 1 0
glory-hole/pkg/storage/sqlite.go:116.3,116.13 1 12
glory-hole/pkg/storage/sqlite.go:117.8,117.23 1 1
glory-hole/pkg/storage/sqlite.go:117.23,119.3 1 0
glory-hole/pkg/storage/sqlite.go:122.2,122.12 1 1
glory-hole/pkg/storage/sqlite.go:126.78,130.14 3 2
glory-hole/pkg/storage/sqlite.go:130.14,132.3 1 1
glory-hole/pkg/storage/sqlite.go:135.2,135.30 1 1
glory-hole/pkg/storage/sqlite.go:135.30,137.3 1 0
glory-hole/pkg/storage/sqlite.go:140.2,140.9 1 1
glory-hole/pkg/storage/sqlite.go:141.25,142.13 1 1
glory-hole/pkg/storage/sqlite.go:143.20,144.19 1 0
glory-hole/pkg/storage/sqlite.go:145.10,147.23 1 0
glory-hole/pkg/storage/sqlite.go:152.39,160.18 5 13
glory-hole/pkg/storage/sqlite.go:160.18,161.22 1 13
glory-hole/pkg/storage/sqlite.go:161.22,163.4 1 12
glory-hole/pkg/storage/sqlite.go:165.3,165.45 1 1
glory-hole/pkg/storage/sqlite.go:165.45,169.4 1 0
glory-hole/pkg/storage/sqlite.go:172.3,172.20 1 1
glory-hole/pkg/storage/sqlite.go:175.2,175.6 1 13
glory-hole/pkg/storage/sqlite.go:175.6,176.10 1 14
glory-hole/pkg/storage/sqlite.go:177.32,178.11 1 14
glory-hole/pkg/storage/sqlite.go:178.11,182.5 2 13
glory-hole/pkg/storage/sqlite.go:184.4,187.37 2 1
glory-hole/pkg/storage/sqlite.go:187.37,189.5 1 0
glory-hole/pkg/storage/sqlite.go:191.19,193.11 1 0
glory-hole/pkg/storage/sqlite.go:199.63,200.23 1 1
glory-hole/pkg/storage/sqlite.go:200.23,202.3 1 0
glory-hole/pkg/storage/sqlite.go:205.2,206.16 2 1
glory-hole/pkg/storage/sqlite.go:206.16,208.3 1 0
glory-hole/pkg/storage/sqlite.go:209.2,209.15 1 1
glory-hole/pkg/storage/sqlite.go:209.15,209.36 1 1
glory-hole/pkg/storage/sqlite.go:211.2,213.32 2 1
glory-hole/pkg/storage/sqlite.go:213.32,225.17 2 1
glory-hole/pkg/storage/sqlite.go:225.17,227.4 1 0
glory-hole/pkg/storage/sqlite.go:230.2,230.36 1 1
glory-hole/pkg/storage/sqlite.go:230.36,232.3 1 0
glory-hole/pkg/storage/sqlite.go:235.2,237.12 2 1
glory-hole/pkg/storage/sqlite.go:241.64,242.32 1 1
glory-hole/pkg/storage/sqlite.go:242.32,251.17 2 1
glory-hole/pkg/storage/sqlite.go:251.17,254.4 1 1
glory-hole/pkg/storage/sqlite.go:259.95,263.14 3 2
glory-hole/pkg/storage/sqlite.go:263.14,265.3 1 0
glory-hole/pkg/storage/sqlite.go:267.2,274.16 2 2
glory-hole/pkg/storage/sqlite.go:274.16,276.3 1 0
glory-hole/pkg/storage/sqlite.go:277.2,277.15 1 2
glory-hole/pkg/storage/sqlite.go:277.15,277.35 1 2
glory-hole/pkg/storage/sqlite.go:279.2,279.28 1 2
glory-hole/pkg/storage/sqlite.go:283.112,287.14 3 1
glory-hole/pkg/storage/sqlite.go:287.14,289.3 1 0
glory-hole/pkg/storage/sqlite.go:291.2,299.16 2 1
glory-hole/pkg/storage/sqlite.go:299.16,301.3 1 0
glory-hole/pkg/storage/sqlite.go:302.2,302.15 1 1
glory-hole/pkg/storage/sqlite.go:302.15,302.35 1 1
glory-hole/pkg/storage/sqlite.go:304.2,304.28 1 1
glory-hole/pkg/storage/sqlite.go:308.116,312.14 3 1
glory-hole/pkg/storage/sqlite.go:312.14,314.3 1 0
glory-hole/pkg/storage/sqlite.go:316.2,324.16 2 1
glory-hole/pkg/storage/sqlite.go:324.16,326.3 1 0
glory-hole/pkg/storage/sqlite.go:327.2,327.15 1 1
glory-hole/pkg/storage/sqlite.go:327.15,327.35 1 1
glory-hole/pkg/storage/sqlite.go:329.2,329.28 1 1
glory-hole/pkg/storage/sqlite.go:333.98,337.14 3 1
glory-hole/pkg/storage/sqlite.go:337.14,339.3 1 0
glory-hole/pkg/storage/sqlite.go:341.2,365.16 3 1
glory-hole/pkg/storage/sqlite.go:365.16,367.3 1 0
glory-hole/pkg/storage/sqlite.go:370.2,370.28 1 1
glory-hole/pkg/storage/sqlite.go:370.28,373.3 2 1
glory-hole/pkg/storage/sqlite.go:375.2,375.19 1 1
glory-hole/pkg/storage/sqlite.go:379.109,383.14 3 2
glory-hole/pkg/storage/sqlite.go:383.14,385.3 1 0
glory-hole/pkg/storage/sqlite.go:387.2,394.16 2 2
glory-hole/pkg/storage/sqlite.go:394.16,396.3 1 0
glory-hole/pkg/storage/sqlite.go:397.2,397.15 1 2
glory-hole/pkg/storage/sqlite.go:397.15,397.35 1 2
glory-hole/pkg/storage/sqlite.go:399.2,400.18 2 2
glory-hole/pkg/storage/sqlite.go:400.18,402.106 2 5
glory-hole/pkg/storage/sqlite.go:402.106,404.4 1 0
glory-hole/pkg/storage/sqlite.go:405.3,405.32 1 5
glory-hole/pkg/storage/sqlite.go:408.2,408.21 1 2
glory-hole/pkg/storage/sqlite.go:412.94,416.14 3 1
glory-hole/pkg/storage/sqlite.go:416.14,418.3 1 0
glory-hole/pkg/storage/sqlite.go:420.2,425.16 3 1
glory-hole/pkg/storage/sqlite.go:425.16,427.3 1 0
glory-hole/pkg/storage/sqlite.go:429.2,429.19 1 1
glory-hole/pkg/storage/sqlite.go:433.92,437.14 3 1
glory-hole/pkg/storage/sqlite.go:437.14,439.3 1 0
glory-hole/pkg/storage/sqlite.go:441.2,446.16 3 1
glory-hole/pkg/storage/sqlite.go:446.16,448.3 1 0
glory-hole/pkg/storage/sqlite.go:450.2,450.19 1 1
glory-hole/pkg/storage/sqlite.go:454.81,458.14 3 1
glory-hole/pkg/storage/sqlite.go:458.14,460.3 1 0
glory-hole/pkg/storage/sqlite.go:463.2,466.16 2 1
glory-hole/pkg/storage/sqlite.go:466.16,468.3 1 0
glory-hole/pkg/storage/sqlite.go:470.2,477.16 3 1
glory-hole/pkg/storage/sqlite.go:477.16,479.3 1 0
glory-hole/pkg/storage/sqlite.go:482.2,482.18 1 1
glory-hole/pkg/storage/sqlite.go:482.18,483.60 1 0
glory-hole/pkg/storage/sqlite.go:483.60,486.4 1 0
glory-hole/pkg/storage/sqlite.go:489.2,489.12 1 1
glory-hole/pkg/storage/sqlite.go:493.39,495.14 2 13
glory-hole/pkg/storage/sqlite.go:495.14,498.3 2 0
glory-hole/pkg/storage/sqlite.go:499.2,509.30 5 13
glory-hole/pkg/storage/sqlite.go:509.30,511.3 1 13
glory-hole/pkg/storage/sqlite.go:514.2,514.21 1 13
glory-hole/pkg/storage/sqlite.go:518.57,522.14 3 1
glory-hole/pkg/storage/sqlite.go:522.14,524.3 1 0
glory-hole/pkg/storage/sqlite.go:526.2,526.30 1 1
glory-hole/pkg/storage/sqlite.go:530.57,533.18 2 4
glory-hole/pkg/storage/sqlite.go:533.18,549.17 4 10
glory-hole/pkg/storage/sqlite.go:549.17,551.4 1 0
glory-hole/pkg/storage/sqlite.go:553.3,553.21 1 10
glory-hole/pkg/storage/sqlite.go:553.21,555.4 1 0
glory-hole/pkg/storage/sqlite.go:557.3,557.32 1 10
glory-hole/pkg/storage/sqlite.go:560.2,560.35 1 4
glory-hole/pkg/storage/sqlite.go:560.35,562.3 1 0
glory-hole/pkg/storage/sqlite.go:564.2,564.21 1 4
glory-hole/pkg/storage/storage.go:115.29,134.2 1 1
glory-hole/pkg/storage/storage.go:137.35,138.16 1 7
glory-hole/pkg/storage/storage.go:138.16,140.3 1 2
glory-hole/pkg/storage/storage.go:142.2,142.58 1 5
glory-hole/pkg/storage/storage.go:142.58,144.3 1 2
glory-hole/pkg/storage/storage.go:146.2,146.22 1 3
glory-hole/pkg/storage/storage.go:146.22,148.3 1 1
glory-hole/pkg/storage/storage.go:150.2,150.21 1 3
glory-hole/pkg/storage/storage.go:150.21,152.3 1 1
glory-hole/pkg/storage/storage.go:154.2,154.25 1 3
glory-hole/pkg/storage/storage.go:154.25,156.3 1 1
glory-hole/pkg/storage/storage.go:158.2,158.12 1 3
glory-hole/pkg/forwarder/forwarder.go:30.74,31.38 1 10
glory-hole/pkg/forwarder/forwarder.go:31.38,34.3 1 1
glory-hole/pkg/forwarder/forwarder.go:37.2,38.50 2 10
glory-hole/pkg/forwarder/forwarder.go:38.50,39.59 1 16
glory-hole/pkg/forwarder/forwarder.go:39.59,42.4 1 1
glory-hole/pkg/forwarder/forwarder.go:42.9,44.4 1 15
glory-hole/pkg/forwarder/forwarder.go:47.2,55.32 2 10
glory-hole/pkg/forwarder/forwarder.go:55.32,60.3 1 8
glory-hole/pkg/forwarder/forwarder.go:62.2,68.10 2 10
glory-hole/pkg/forwarder/forwarder.go:72.80,73.27 1 10
glory-hole/pkg/forwarder/forwarder.go:73.27,75.3 1 0
glory-hole/pkg/forwarder/forwarder.go:78.2,81.32 3 10
glory-hole/pkg/forwarder/forwarder.go:81.32,99.17 6 11
glory-hole/pkg/forwarder/forwarder.go:99.17,106.12 3 4
glory-hole/pkg/forwarder/forwarder.go:110.3,110.18 1 7
glory-hole/pkg/forwarder/forwarder.go:110.18,112.12 2 0
glory-hole/pkg/forwarder/forwarder.go:115.3,115.43 1 7
glory-hole/pkg/forwarder/forwarder.go:115.43,121.12 3 0
glory-hole/pkg/forwarder/forwarder.go:125.3,132.19 2 7
glory-hole/pkg/forwarder/forwarder.go:136.2,136.20 1 3
glory-hole/pkg/forwarder/forwarder.go:136.20,138.3 1 3
glory-hole/pkg/forwarder/forwarder.go:139.2,139.55 1 0
glory-hole/pkg/forwarder/forwarder.go:143.83,144.27 1 1
glory-hole/pkg/forwarder/forwarder.go:144.27,146.3 1 0
glory-hole/pkg/forwarder/forwarder.go:149.2,152.32 3 1
glory-hole/pkg/forwarder/forwarder.go:152.32,168.17 5 1
glory-hole/pkg/forwarder/forwarder.go:168.17,174.12 3 0
glory-hole/pkg/forwarder/forwarder.go:177.3,177.18 1 1
glory-hole/pkg/forwarder/forwarder.go:177.18,179.12 2 0
glory-hole/pkg/forwarder/forwarder.go:182.3,182.43 1 1
glory-hole/pkg/forwarder/forwarder.go:182.43,184.12 2 0
glory-hole/pkg/forwarder/forwarder.go:187.3,192.19 2 1
glory-hole/pkg/forwarder/forwarder.go:195.2,195.20 1 0
glory-hole/pkg/forwarder/forwarder.go:195.20,197.3 1 0
glory-hole/pkg/forwarder/forwarder.go:198.2,198.59 1 0
glory-hole/pkg/forwarder/forwarder.go:202.45,205.24 2 12
glory-hole/pkg/forwarder/forwarder.go:205.24,207.3 1 0
glory-hole/pkg/forwarder/forwarder.go:208.2,209.25 2 12
glory-hole/pkg/forwarder/forwarder.go:213.55,215.2 1 4
glory-hole/pkg/forwarder/forwarder.go:218.45,220.2 1 3
glory-hole/pkg/forwarder/forwarder.go:223.42,225.2 1 4
glory-hole/pkg/forwarder/forwarder.go:228.24,229.11 1 11
glory-hole/pkg/forwarder/forwarder.go:229.11,231.3 1 0
glory-hole/pkg/forwarder/forwarder.go:232.2,232.10 1 11
glory-hole/pkg/cache/cache.go:73.75,74.16 1 16
glory-hole/pkg/cache/cache.go:74.16,76.3 1 1
glory-hole/pkg/cache/cache.go:77.2,77.19 1 15
glory-hole/pkg/cache/cache.go:77.19,79.3 1 0
glory-hole/pkg/cache/cache.go:81.2,81.25 1 15
glory-hole/pkg/cache/cache.go:81.25,83.3 1 2
glory-hole/pkg/cache/cache.go:85.2,103.15 4 13
glory-hole/pkg/cache/cache.go:108.63,109.20 1 522
glory-hole/pkg/cache/cache.go:109.20,111.3 1 1
glory-hole/pkg/cache/cache.go:113.2,113.26 1 521
glory-hole/pkg/cache/cache.go:113.26,115.3 1 0
glory-hole/pkg/cache/cache.go:117.2,123.12 5 521
glory-hole/pkg/cache/cache.go:123.12,126.3 2 4
glory-hole/pkg/cache/cache.go:129.2,130.32 2 517
glory-hole/pkg/cache/cache.go:130.32,138.3 6 1
glory-hole/pkg/cache/cache.go:141.2,148.25 5 516
glory-hole/pkg/cache/cache.go:152.69,153.20 1 518
glory-hole/pkg/cache/cache.go:153.20,155.3 1 1
glory-hole/pkg/cache/cache.go:157.2,157.26 1 517
glory-hole/pkg/cache/cache.go:157.26,159.3 1 0
glory-hole/pkg/cache/cache.go:161.2,166.14 4 517
glory-hole/pkg/cache/cache.go:166.14,169.3 1 0
glory-hole/pkg/cache/cache.go:171.2,183.36 5 517
glory-hole/pkg/cache/cache.go:183.36,185.3 1 1
glory-hole/pkg/cache/cache.go:187.2,197.13 6 517
glory-hole/pkg/cache/cache.go:201.61,205.2 1 1038
glory-hole/pkg/cache/cache.go:208.59,210.63 1 517
glory-hole/pkg/cache/cache.go:210.63,212.3 1 1
glory-hole/pkg/cache/cache.go:215.2,216.33 2 516
glory-hole/pkg/cache/cache.go:216.33,218.34 2 516
glory-hole/pkg/cache/cache.go:218.34,220.4 1 516
glory-hole/pkg/cache/cache.go:224.2,224.17 1 516
glory-hole/pkg/cache/cache.go:224.17,226.3 1 0
glory-hole/pkg/cache/cache.go:229.2,231.24 2 516
glory-hole/pkg/cache/cache.go:231.24,233.3 1 1
glory-hole/pkg/cache/cache.go:234.2,234.24 1 516
glory-hole/pkg/cache/cache.go:234.24,236.3 1 1
glory-hole/pkg/cache/cache.go:238.2,238.12 1 516
glory-hole/pkg/cache/cache.go:243.28,248.36 3 1
glory-hole/pkg/cache/cache.go:248.36,249.61 1 3
glory-hole/pkg/cache/cache.go:249.61,252.4 2 1
glory-hole/pkg/cache/cache.go:255.2,255.21 1 1
glory-hole/pkg/cache/cache.go:255.21,259.3 3 1
glory-hole/pkg/cache/cache.go:263.31,270.6 4 13
glory-hole/pkg/cache/cache.go:270.6,271.10 1 13
glory-hole/pkg/cache/cache.go:272.19,273.15 1 0
glory-hole/pkg/cache/cache.go:274.24,275.10 1 13
glory-hole/pkg/cache/cache.go:281.27,287.36 5 0
glory-hole/pkg/cache/cache.go:287.36,288.33 1 0
glory-hole/pkg/cache/cache.go:288.33,291.4 2 0
glory-hole/pkg/cache/cache.go:294.2,294.17 1 0
glory-hole/pkg/cache/cache.go:294.17,298.3 3 0
glory-hole/pkg/cache/cache.go:302.31,308.15 5 14
glory-hole/pkg/cache/cache.go:308.15,310.3 1 8
glory-hole/pkg/cache/cache.go:312.2,319.3 1 14
glory-hole/pkg/cache/cache.go:323.25,330.2 5 1
glory-hole/pkg/cache/cache.go:333.31,343.2 4 13
glory-hole/pkg/cache/cache.go:346.29,350.2 3 516
glory-hole/pkg/cache/cache.go:353.30,357.2 3 5
glory-hole/pkg/dns/server.go:22.26,24.3 1 0
glory-hole/pkg/dns/server.go:55.28,62.2 1 31
glory-hole/pkg/dns/server.go:65.56,67.2 1 7
glory-hole/pkg/dns/server.go:70.44,72.2 1 3
glory-hole/pkg/dns/server.go:75.61,77.2 1 1
glory-hole/pkg/dns/server.go:80.49,82.2 1 2
glory-hole/pkg/dns/server.go:85.60,87.2 1 6
glory-hole/pkg/dns/server.go:90.53,92.2 1 8
glory-hole/pkg/dns/server.go:97.64,98.40 1 1036
glory-hole/pkg/dns/server.go:98.40,102.3 1 0
glory-hole/pkg/dns/server.go:106.83,114.15 5 1036
glory-hole/pkg/dns/server.go:114.15,115.23 1 1036
glory-hole/pkg/dns/server.go:115.23,119.27 3 1
glory-hole/pkg/dns/server.go:119.27,122.5 2 1
glory-hole/pkg/dns/server.go:125.4,126.53 2 1
glory-hole/pkg/dns/server.go:126.53,128.5 1 1
glory-hole/pkg/dns/server.go:128.10,128.60 1 0
glory-hole/pkg/dns/server.go:128.60,130.5 1 0
glory-hole/pkg/dns/server.go:133.4,133.14 1 1
glory-hole/pkg/dns/server.go:133.14,149.64 4 1
glory-hole/pkg/dns/server.go:149.65,152.6 0 1
glory-hole/pkg/dns/server.go:159.2,165.26 5 1036
glory-hole/pkg/dns/server.go:165.26,170.3 4 1
glory-hole/pkg/dns/server.go:172.2,178.20 4 1035
glory-hole/pkg/dns/server.go:178.20,179.59 1 3
glory-hole/pkg/dns/server.go:179.59,187.4 5 1
glory-hole/pkg/dns/server.go:192.2,192.27 1 1034
glory-hole/pkg/dns/server.go:192.27,193.16 1 8
glory-hole/pkg/dns/server.go:194.18,196.64 1 6
glory-hole/pkg/dns/server.go:196.64,197.28 1 3
glory-hole/pkg/dns/server.go:197.28,198.25 1 3
glory-hole/pkg/dns/server.go:198.25,209.7 2 3
glory-hole/pkg/dns/server.go:211.5,211.28 1 3
glory-hole/pkg/dns/server.go:211.28,215.6 3 3
glory-hole/pkg/dns/server.go:219.4,219.73 1 3
glory-hole/pkg/dns/server.go:219.73,220.28 1 0
glory-hole/pkg/dns/server.go:220.28,221.25 1 0
glory-hole/pkg/dns/server.go:221.25,232.7 2 0
glory-hole/pkg/dns/server.go:234.5,234.28 1 0
glory-hole/pkg/dns/server.go:234.28,238.6 3 0
glory-hole/pkg/dns/server.go:241.21,243.67 1 1
glory-hole/pkg/dns/server.go:243.67,244.28 1 1
glory-hole/pkg/dns/server.go:244.28,245.25 1 1
glory-hole/pkg/dns/server.go:245.25,256.7 2 1
glory-hole/pkg/dns/server.go:258.5,258.28 1 1
glory-hole/pkg/dns/server.go:258.28,262.6 3 1
glory-hole/pkg/dns/server.go:266.4,266.73 1 0
glory-hole/pkg/dns/server.go:266.73,267.28 1 0
glory-hole/pkg/dns/server.go:267.28,268.25 1 0
glory-hole/pkg/dns/server.go:268.25,279.7 2 0
glory-hole/pkg/dns/server.go:281.5,281.28 1 0
glory-hole/pkg/dns/server.go:281.28,285.6 3 0
glory-hole/pkg/dns/server.go:288.22,290.71 1 1
glory-hole/pkg/dns/server.go:290.71,304.5 5 1
glory-hole/pkg/dns/server.go:310.2,310.57 1 1029
glory-hole/pkg/dns/server.go:310.57,313.52 2 9
glory-hole/pkg/dns/server.go:313.52,315.4 1 9
glory-hole/pkg/dns/server.go:315.9,315.59 1 0
glory-hole/pkg/dns/server.go:315.59,317.4 1 0
glory-hole/pkg/dns/server.go:320.3,328.29 3 9
glory-hole/pkg/dns/server.go:328.29,329.23 1 4
glory-hole/pkg/dns/server.go:330.28,336.11 5 0
glory-hole/pkg/dns/server.go:338.28,340.27 1 0
glory-hole/pkg/dns/server.go:340.27,342.20 2 0
glory-hole/pkg/dns/server.go:342.20,347.7 4 0
glory-hole/pkg/dns/server.go:350.6,351.28 2 0
glory-hole/pkg/dns/server.go:351.28,353.7 1 0
glory-hole/pkg/dns/server.go:356.6,356.24 1 0
glory-hole/pkg/dns/server.go:356.24,358.7 1 0
glory-hole/pkg/dns/server.go:360.6,362.12 3 0
glory-hole/pkg/dns/server.go:365.5,368.11 4 0
glory-hole/pkg/dns/server.go:370.31,373.26 2 4
glory-hole/pkg/dns/server.go:373.26,379.6 4 1
glory-hole/pkg/dns/server.go:382.5,382.54 1 3
glory-hole/pkg/dns/server.go:382.54,395.6 3 1
glory-hole/pkg/dns/server.go:395.11,395.64 1 2
glory-hole/pkg/dns/server.go:395.64,408.6 3 1
glory-hole/pkg/dns/server.go:408.11,411.6 1 1
glory-hole/pkg/dns/server.go:414.5,414.23 1 3
glory-hole/pkg/dns/server.go:414.23,416.6 1 0
glory-hole/pkg/dns/server.go:418.5,419.11 2 3
glory-hole/pkg/dns/server.go:426.2,428.31 2 1025
glory-hole/pkg/dns/server.go:428.31,438.18 4 0
glory-hole/pkg/dns/server.go:438.18,440.4 1 0
glory-hole/pkg/dns/server.go:443.3,445.64 3 0
glory-hole/pkg/dns/server.go:445.64,447.4 1 0
glory-hole/pkg/dns/server.go:450.3,452.106 3 0
glory-hole/pkg/dns/server.go:452.106,454.4 1 0
glory-hole/pkg/dns/server.go:456.3,459.14 2 0
glory-hole/pkg/dns/server.go:459.14,464.4 4 0
glory-hole/pkg/dns/server.go:466.3,466.18 1 0
glory-hole/pkg/dns/server.go:466.18,467.53 1 0
glory-hole/pkg/dns/server.go:467.53,478.5 2 0
glory-hole/pkg/dns/server.go:478.10,478.91 1 0
glory-hole/pkg/dns/server.go:478.91,489.5 2 0
glory-hole/pkg/dns/server.go:490.4,491.10 2 0
glory-hole/pkg/dns/server.go:494.3,494.15 1 0
glory-hole/pkg/dns/server.go:494.15,507.4 4 0
glory-hole/pkg/dns/server.go:508.8,517.19 3 1025
glory-hole/pkg/dns/server.go:517.19,519.4 1 1023
glory-hole/pkg/dns/server.go:522.3,524.64 3 1025
glory-hole/pkg/dns/server.go:524.64,526.4 1 1020
glory-hole/pkg/dns/server.go:529.3,531.106 3 1025
glory-hole/pkg/dns/server.go:531.106,533.4 1 1008
glory-hole/pkg/dns/server.go:535.3,539.14 2 1025
glory-hole/pkg/dns/server.go:539.14,544.4 4 5
glory-hole/pkg/dns/server.go:546.3,546.18 1 1020
glory-hole/pkg/dns/server.go:546.18,547.53 1 12
glory-hole/pkg/dns/server.go:547.53,558.5 2 11
glory-hole/pkg/dns/server.go:558.10,558.91 1 1
glory-hole/pkg/dns/server.go:558.91,569.5 2 1
glory-hole/pkg/dns/server.go:570.4,571.10 2 12
glory-hole/pkg/dns/server.go:574.3,574.15 1 1008
glory-hole/pkg/dns/server.go:574.15,587.4 4 1
glory-hole/pkg/dns/server.go:592.2,592.24 1 1007
glory-hole/pkg/dns/server.go:592.24,594.17 2 1003
glory-hole/pkg/dns/server.go:594.17,600.4 4 4
glory-hole/pkg/dns/server.go:603.3,604.25 2 999
glory-hole/pkg/dns/server.go:604.25,608.4 1 999
glory-hole/pkg/dns/server.go:612.3,612.21 1 999
glory-hole/pkg/dns/server.go:612.21,614.4 1 0
glory-hole/pkg/dns/server.go:617.3,619.9 3 999
glory-hole/pkg/dns/server.go:623.2,625.20 3 4
glory-hole/pkg/dns/server_impl.go:32.114,34.23 1 2
glory-hole/pkg/dns/server_impl.go:34.23,36.17 2 0
glory-hole/pkg/dns/server_impl.go:36.17,38.4 1 0
glory-hole/pkg/dns/server_impl.go:38.9,44.4 2 0
glory-hole/pkg/dns/server_impl.go:45.8,47.3 1 2
glory-hole/pkg/dns/server_impl.go:50.2,50.37 1 2
glory-hole/pkg/dns/server_impl.go:50.37,53.3 2 2
glory-hole/pkg/dns/server_impl.go:55.2,60.3 1 2
glory-hole/pkg/dns/server_impl.go:64.51,66.15 2 2
glory-hole/pkg/dns/server_impl.go:66.15,69.3 2 0
glory-hole/pkg/dns/server_impl.go:70.2,82.29 4 2
glory-hole/pkg/dns/server_impl.go:82.29,88.3 1 2
glory-hole/pkg/dns/server_impl.go:91.2,91.29 1 2
glory-hole/pkg/dns/server_impl.go:91.29,97.3 1 2
glory-hole/pkg/dns/server_impl.go:100.2,103.29 2 2
glory-hole/pkg/dns/server_impl.go:103.29,104.13 1 2
glory-hole/pkg/dns/server_impl.go:104.13,109.50 5 2
glory-hole/pkg/dns/server_impl.go:109.50,111.5 1 0
glory-hole/pkg/dns/server_impl.go:116.2,116.29 1 2
glory-hole/pkg/dns/server_impl.go:116.29,117.13 1 2
glory-hole/pkg/dns/server_impl.go:117.13,122.50 5 2
glory-hole/pkg/dns/server_impl.go:122.50,124.5 1 0
glory-hole/pkg/dns/server_impl.go:128.2,135.9 2 2
glory-hole/pkg/dns/server_impl.go:136.20,138.42 2 2
glory-hole/pkg/dns/server_impl.go:139.24,141.13 2 0
glory-hole/pkg/dns/server_impl.go:146.54,150.16 3 4
glory-hole/pkg/dns/server_impl.go:150.16,152.3 1 2
glory-hole/pkg/dns/server_impl.go:154.2,159.24 3 2
glory-hole/pkg/dns/server_impl.go:159.24,160.58 1 2
glory-hole/pkg/dns/server_impl.go:160.58,162.4 1 0
glory-hole/pkg/dns/server_impl.go:166.2,166.24 1 2
glory-hole/pkg/dns/server_impl.go:166.24,167.58 1 2
glory-hole/pkg/dns/server_impl.go:167.58,169.4 1 0
glory-hole/pkg/dns/server_impl.go:172.2,174.19 2 2
glory-hole/pkg/dns/server_impl.go:174.19,176.3 1 0
glory-hole/pkg/dns/server_impl.go:178.2,179.12 2 2
glory-hole/pkg/dns/server_impl.go:183.35,187.2 3 2
glory-hole/pkg/dns/server_impl.go:197.70,204.25 5 1004
glory-hole/pkg/dns/server_impl.go:204.25,207.3 2 1004
glory-hole/pkg/dns/server_impl.go:209.2,219.22 3 1004
glory-hole/pkg/dns/server_impl.go:219.22,222.3 2 1004
glory-hole/pkg/dns/server_impl.go:225.2,229.22 3 1004
glory-hole/pkg/dns/server_impl.go:229.22,231.3 1 1004
glory-hole/pkg/dns/server_impl.go:233.2,236.3 1 1004
glory-hole/pkg/dns/server_impl.go:240.47,241.27 1 1007
glory-hole/pkg/dns/server_impl.go:241.27,243.17 2 1006
glory-hole/pkg/dns/server_impl.go:243.17,245.4 1 1006
glory-hole/pkg/dns/server_impl.go:246.3,246.33 1 0
glory-hole/pkg/dns/server_impl.go:248.2,248.18 1 1
glory-hole/pkg/blocklist/blocklist.go:25.56,33.2 1 23
glory-hole/pkg/blocklist/blocklist.go:36.93,41.16 4 25
glory-hole/pkg/blocklist/blocklist.go:41.16,43.3 1 0
glory-hole/pkg/blocklist/blocklist.go:45.2,46.16 2 25
glory-hole/pkg/blocklist/blocklist.go:46.16,48.3 1 2
glory-hole/pkg/blocklist/blocklist.go:49.2,49.15 1 23
glory-hole/pkg/blocklist/blocklist.go:49.15,49.40 1 23
glory-hole/pkg/blocklist/blocklist.go:51.2,51.38 1 23
glory-hole/pkg/blocklist/blocklist.go:51.38,53.3 1 2
glory-hole/pkg/blocklist/blocklist.go:55.2,56.16 2 21
glory-hole/pkg/blocklist/blocklist.go:56.16,58.3 1 0
glory-hole/pkg/blocklist/blocklist.go:60.2,66.21 3 21
glory-hole/pkg/blocklist/blocklist.go:75.79,80.21 4 21
glory-hole/pkg/blocklist/blocklist.go:80.21,85.49 3 51
glory-hole/pkg/blocklist/blocklist.go:85.49,86.12 1 4
glory-hole/pkg/blocklist/blocklist.go:90.3,91.19 2 47
glory-hole/pkg/blocklist/blocklist.go:91.19,92.12 1 2
glory-hole/pkg/blocklist/blocklist.go:96.3,96.38 1 45
glory-hole/pkg/blocklist/blocklist.go:96.38,98.4 1 45
glory-hole/pkg/blocklist/blocklist.go:100.3,103.28 2 45
glory-hole/pkg/blocklist/blocklist.go:103.28,105.4 1 0
glory-hole/pkg/blocklist/blocklist.go:108.2,108.38 1 21
glory-hole/pkg/blocklist/blocklist.go:108.38,110.3 1 0
glory-hole/pkg/blocklist/blocklist.go:112.2,112.21 1 21
glory-hole/pkg/blocklist/blocklist.go:116.56,118.66 1 57
glory-hole/pkg/blocklist/blocklist.go:118.66,122.3 3 10
glory-hole/pkg/blocklist/blocklist.go:125.2,126.22 2 47
glory-hole/pkg/blocklist/blocklist.go:126.22,128.75 1 41
glory-hole/pkg/blocklist/blocklist.go:128.75,132.66 2 39
glory-hole/pkg/blocklist/blocklist.go:132.66,134.5 1 3
glory-hole/pkg/blocklist/blocklist.go:135.4,135.17 1 36
glory-hole/pkg/blocklist/blocklist.go:140.2,140.22 1 8
glory-hole/pkg/blocklist/blocklist.go:140.22,143.65 2 5
glory-hole/pkg/blocklist/blocklist.go:143.65,145.4 1 0
glory-hole/pkg/blocklist/blocklist.go:146.3,146.16 1 5
glory-hole/pkg/blocklist/blocklist.go:149.2,149.11 1 3
glory-hole/pkg/blocklist/blocklist.go:153.99,154.20 1 16
glory-hole/pkg/blocklist/blocklist.go:154.20,156.3 1 1
glory-hole/pkg/blocklist/blocklist.go:158.2,163.27 4 15
glory-hole/pkg/blocklist/blocklist.go:163.27,167.17 3 18
glory-hole/pkg/blocklist/blocklist.go:167.17,170.12 2 1
glory-hole/pkg/blocklist/blocklist.go:174.3,174.31 1 17
glory-hole/pkg/blocklist/blocklist.go:174.31,176.4 1 32
glory-hole/pkg/blocklist/blocklist.go:179.2,184.20 3 15
glory-hole/pkg/blocklist/manager.go:30.70,43.2 4 10
glory-hole/pkg/blocklist/manager.go:46.52,47.44 1 3
glory-hole/pkg/blocklist/manager.go:47.44,50.3 2 0
glory-hole/pkg/blocklist/manager.go:53.2,61.38 3 3
glory-hole/pkg/blocklist/manager.go:61.38,64.3 1 0
glory-hole/pkg/blocklist/manager.go:67.2,67.60 1 3
glory-hole/pkg/blocklist/manager.go:67.60,71.3 3 1
glory-hole/pkg/blocklist/manager.go:73.2,73.12 1 3
glory-hole/pkg/blocklist/manager.go:77.26,78.44 1 3
glory-hole/pkg/blocklist/manager.go:78.44,80.3 1 0
glory-hole/pkg/blocklist/manager.go:82.2,88.27 3 3
glory-hole/pkg/blocklist/manager.go:88.27,90.3 1 1
glory-hole/pkg/blocklist/manager.go:93.2,95.44 2 3
glory-hole/pkg/blocklist/manager.go:99.53,100.32 1 13
glory-hole/pkg/blocklist/manager.go:100.32,103.3 2 1
glory-hole/pkg/blocklist/manager.go:105.2,110.16 4 12
glory-hole/pkg/blocklist/manager.go:110.16,112.3 1 0
glory-hole/pkg/blocklist/manager.go:115.2,123.12 4 12
glory-hole/pkg/blocklist/manager.go:127.46,129.2 1 1001
glory-hole/pkg/blocklist/manager.go:132.49,134.22 2 1010
glory-hole/pkg/blocklist/manager.go:134.22,136.3 1 0
glory-hole/pkg/blocklist/manager.go:137.2,138.16 2 1010
glory-hole/pkg/blocklist/manager.go:142.30,144.22 2 1008
glory-hole/pkg/blocklist/manager.go:144.22,146.3 1 0
glory-hole/pkg/blocklist/manager.go:147.2,147.24 1 1008
glory-hole/pkg/blocklist/manager.go:151.51,156.6 3 1
glory-hole/pkg/blocklist/manager.go:156.6,157.10 1 3
glory-hole/pkg/blocklist/manager.go:158.21,160.10 2 1
glory-hole/pkg/blocklist/manager.go:162.27,167.46 3 2
glory-hole/pkg/blocklist/manager.go:167.46,169.5 1 0
glory-hole/pkg/blocklist/manager.go:170.4,170.12 1 2
